C:\AI\A_STAR\A_STAR\DEBUG\A_STAR.EXE.EMBED.MANIFEST
C:\AI\A_STAR\A_STAR\DEBUG\A_STAR.EXE.EMBED.MANIFEST.RES
C:\AI\A_STAR\A_STAR\DEBUG\A_STAR.EXE.INTERMEDIATE.MANIFEST
C:\AI\A_STAR\A_STAR\Debug\A_STAR_manifest.rc
C:\AI\A_STAR\A_STAR\Debug\cl.command.1.tlog
C:\AI\A_STAR\A_STAR\Debug\CL.read.1.tlog
C:\AI\A_STAR\A_STAR\Debug\CL.write.1.tlog
C:\AI\A_STAR\A_STAR\Debug\link.2088.read.1.tlog
C:\AI\A_STAR\A_STAR\Debug\link.2088.write.1.tlog
C:\AI\A_STAR\A_STAR\Debug\link.2088-cvtres.read.1.tlog
C:\AI\A_STAR\A_STAR\Debug\link.2088-cvtres.write.1.tlog
C:\AI\A_STAR\A_STAR\Debug\link.336.read.1.tlog
C:\AI\A_STAR\A_STAR\Debug\link.336.write.1.tlog
C:\AI\A_STAR\A_STAR\Debug\link.336-cvtres.read.1.tlog
C:\AI\A_STAR\A_STAR\Debug\link.336-cvtres.write.1.tlog
C:\AI\A_STAR\A_STAR\Debug\link.command.1.tlog
C:\AI\A_STAR\A_STAR\Debug\link.read.1.tlog
C:\AI\A_STAR\A_STAR\Debug\link.write.1.tlog
C:\AI\A_STAR\A_STAR\Debug\link-cvtres.read.1.tlog
C:\AI\A_STAR\A_STAR\Debug\link-cvtres.write.1.tlog
C:\AI\A_STAR\A_STAR\DEBUG\MAIN.OBJ
C:\AI\A_STAR\A_STAR\Debug\mt.command.1.tlog
C:\AI\A_STAR\A_STAR\Debug\mt.read.1.tlog
C:\AI\A_STAR\A_STAR\Debug\mt.write.1.tlog
C:\AI\A_STAR\A_STAR\Debug\rc.command.1.tlog
C:\AI\A_STAR\A_STAR\Debug\rc.read.1.tlog
C:\AI\A_STAR\A_STAR\Debug\rc.write.1.tlog
C:\AI\A_STAR\A_STAR\Debug\vc100.idb
C:\AI\A_STAR\A_STAR\DEBUG\VC100.PDB
C:\AI\A_STAR\DEBUG\A_STAR.EXE
C:\AI\A_STAR\DEBUG\A_STAR.ILK
C:\AI\A_STAR\DEBUG\A_STAR.PDB
